[0m17:35:33.202168 [debug] [MainThread]: Sending event: {'category': 'dbt', 'action': 'invocation', 'label': 'start', 'context': [<snowplow_tracker.self_describing_json.SelfDescribingJson object at 0x1128c7f10>, <snowplow_tracker.self_describing_json.SelfDescribingJson object at 0x1128e6690>, <snowplow_tracker.self_describing_json.SelfDescribingJson object at 0x1128e7190>]}


============================== 17:35:33.204931 | cd2f0889-1fb6-4a5c-9bb9-f38b736e5599 ==============================
[0m17:35:33.204931 [info ] [MainThread]: Running with dbt=1.9.2
[0m17:35:33.205373 [debug] [MainThread]: running dbt with arguments {'printer_width': '80', 'indirect_selection': 'eager', 'log_cache_events': 'False', 'write_json': 'True', 'partial_parse': 'True', 'cache_selected_only': 'False', 'warn_error': 'None', 'debug': 'False', 'version_check': 'True', 'log_path': 'logs', 'profiles_dir': '/Users/juanherrera/.dbt', 'fail_fast': 'False', 'use_colors': 'True', 'use_experimental_parser': 'False', 'empty': 'False', 'quiet': 'False', 'no_print': 'None', 'warn_error_options': 'WarnErrorOptions(include=[], exclude=[])', 'invocation_command': 'dbt run', 'log_format': 'default', 'introspect': 'True', 'target_path': 'None', 'static_parser': 'True', 'send_anonymous_usage_stats': 'True'}
[0m17:35:33.205739 [error] [MainThread]: Encountered an error:
Runtime Error
  No dbt_project.yml found at expected path /Users/juanherrera/Desktop/transit-analytics-1/dbt_project.yml
  Verify that each entry within packages.yml (and their transitive dependencies) contains a file named dbt_project.yml
  
[0m17:35:33.207261 [debug] [MainThread]: Resource report: {"command_name": "run", "command_success": false, "command_wall_clock_time": 0.03791254, "process_in_blocks": "0", "process_kernel_time": 0.132886, "process_mem_max_rss": "99024896", "process_out_blocks": "0", "process_user_time": 0.594158}
[0m17:35:33.207478 [debug] [MainThread]: Command `dbt run` failed at 17:35:33.207432 after 0.04 seconds
[0m17:35:33.207669 [debug] [MainThread]: Sending event: {'category': 'dbt', 'action': 'invocation', 'label': 'end', 'context': [<snowplow_tracker.self_describing_json.SelfDescribingJson object at 0x104cf4a90>, <snowplow_tracker.self_describing_json.SelfDescribingJson object at 0x1128e6ed0>, <snowplow_tracker.self_describing_json.SelfDescribingJson object at 0x1128e5a50>]}
[0m17:35:33.207840 [debug] [MainThread]: Flushing usage events
[0m17:35:33.590297 [debug] [MainThread]: An error was encountered while trying to flush usage events
[0m17:49:09.503571 [debug] [MainThread]: Sending event: {'category': 'dbt', 'action': 'invocation', 'label': 'start', 'context': [<snowplow_tracker.self_describing_json.SelfDescribingJson object at 0x10841b250>, <snowplow_tracker.self_describing_json.SelfDescribingJson object at 0x108436250>, <snowplow_tracker.self_describing_json.SelfDescribingJson object at 0x108436950>]}


============================== 17:49:09.506674 | db4980eb-805e-4785-8245-b27ef9117740 ==============================
[0m17:49:09.506674 [info ] [MainThread]: Running with dbt=1.9.2
[0m17:49:09.507001 [debug] [MainThread]: running dbt with arguments {'printer_width': '80', 'indirect_selection': 'eager', 'write_json': 'True', 'log_cache_events': 'False', 'partial_parse': 'True', 'cache_selected_only': 'False', 'profiles_dir': '/Users/juanherrera/.dbt', 'version_check': 'True', 'debug': 'False', 'log_path': 'logs', 'warn_error': 'None', 'fail_fast': 'False', 'use_colors': 'True', 'use_experimental_parser': 'False', 'empty': 'None', 'quiet': 'False', 'no_print': 'None', 'warn_error_options': 'WarnErrorOptions(include=[], exclude=[])', 'static_parser': 'True', 'invocation_command': 'dbt debug', 'introspect': 'True', 'target_path': 'None', 'log_format': 'default', 'send_anonymous_usage_stats': 'True'}
[0m17:49:09.514435 [info ] [MainThread]: dbt version: 1.9.2
[0m17:49:09.514656 [info ] [MainThread]: python version: 3.11.5
[0m17:49:09.514808 [info ] [MainThread]: python path: /Users/juanherrera/transit-analytics/.venv/bin/python
[0m17:49:09.514935 [info ] [MainThread]: os info: macOS-14.6.1-arm64-arm-64bit
[0m17:49:09.590895 [info ] [MainThread]: Using profiles dir at /Users/juanherrera/.dbt
[0m17:49:09.591196 [info ] [MainThread]: Using profiles.yml file at /Users/juanherrera/.dbt/profiles.yml
[0m17:49:09.591348 [info ] [MainThread]: Using dbt_project.yml file at /Users/juanherrera/transit-analytics/dbt_project/dbt_project.yml
[0m17:49:09.592866 [info ] [MainThread]: adapter type: duckdb
[0m17:49:09.593020 [info ] [MainThread]: adapter version: 1.9.2
[0m17:49:09.593154 [info ] [MainThread]: Configuration:
[0m17:49:09.593268 [info ] [MainThread]:   profiles.yml file [[32mOK found and valid[0m]
[0m17:49:09.593379 [info ] [MainThread]:   dbt_project.yml file [[31mERROR not found[0m]
[0m17:49:09.593489 [info ] [MainThread]: Required dependencies:
[0m17:49:09.593632 [debug] [MainThread]: Executing "git --help"
[0m17:49:09.607803 [debug] [MainThread]: STDOUT: "b"usage: git [-v | --version] [-h | --help] [-C <path>] [-c <name>=<value>]\n           [--exec-path[=<path>]] [--html-path] [--man-path] [--info-path]\n           [-p | --paginate | -P | --no-pager] [--no-replace-objects] [--bare]\n           [--git-dir=<path>] [--work-tree=<path>] [--namespace=<name>]\n           [--super-prefix=<path>] [--config-env=<name>=<envvar>]\n           <command> [<args>]\n\nThese are common Git commands used in various situations:\n\nstart a working area (see also: git help tutorial)\n   clone     Clone a repository into a new directory\n   init      Create an empty Git repository or reinitialize an existing one\n\nwork on the current change (see also: git help everyday)\n   add       Add file contents to the index\n   mv        Move or rename a file, a directory, or a symlink\n   restore   Restore working tree files\n   rm        Remove files from the working tree and from the index\n\nexamine the history and state (see also: git help revisions)\n   bisect    Use binary search to find the commit that introduced a bug\n   diff      Show changes between commits, commit and working tree, etc\n   grep      Print lines matching a pattern\n   log       Show commit logs\n   show      Show various types of objects\n   status    Show the working tree status\n\ngrow, mark and tweak your common history\n   branch    List, create, or delete branches\n   commit    Record changes to the repository\n   merge     Join two or more development histories together\n   rebase    Reapply commits on top of another base tip\n   reset     Reset current HEAD to the specified state\n   switch    Switch branches\n   tag       Create, list, delete or verify a tag object signed with GPG\n\ncollaborate (see also: git help workflows)\n   fetch     Download objects and refs from another repository\n   pull      Fetch from and integrate with another repository or a local branch\n   push      Update remote refs along with associated objects\n\n'git help -a' and 'git help -g' list available subcommands and some\nconcept guides. See 'git help <command>' or 'git help <concept>'\nto read about a specific subcommand or concept.\nSee 'git help git' for an overview of the system.\n""
[0m17:49:09.608387 [debug] [MainThread]: STDERR: "b''"
[0m17:49:09.608557 [info ] [MainThread]:  - git [[32mOK found[0m]

[0m17:49:09.608701 [info ] [MainThread]: Connection:
[0m17:49:09.608849 [info ] [MainThread]:   database: transit_data
[0m17:49:09.608954 [info ] [MainThread]:   schema: main
[0m17:49:09.609059 [info ] [MainThread]:   path: /Users/juanherrera/Desktop/transit-analytics-1/data/transit_data.duckdb
[0m17:49:09.609168 [info ] [MainThread]:   config_options: None
[0m17:49:09.609269 [info ] [MainThread]:   extensions: None
[0m17:49:09.609371 [info ] [MainThread]:   settings: {}
[0m17:49:09.609477 [info ] [MainThread]:   external_root: .
[0m17:49:09.609578 [info ] [MainThread]:   use_credential_provider: None
[0m17:49:09.609680 [info ] [MainThread]:   attach: None
[0m17:49:09.609780 [info ] [MainThread]:   filesystems: None
[0m17:49:09.609876 [info ] [MainThread]:   remote: None
[0m17:49:09.609974 [info ] [MainThread]:   plugins: None
[0m17:49:09.610079 [info ] [MainThread]:   disable_transactions: False
[0m17:49:09.610322 [info ] [MainThread]: Registered adapter: duckdb=1.9.2
[0m17:49:09.651458 [debug] [MainThread]: Acquiring new duckdb connection 'debug'
[0m17:49:09.680512 [debug] [MainThread]: Using duckdb connection "debug"
[0m17:49:09.680698 [debug] [MainThread]: On debug: select 1 as id
[0m17:49:09.680824 [debug] [MainThread]: Opening a new connection, currently in state init
[0m17:49:09.740366 [debug] [MainThread]: SQL status: OK in 0.060 seconds
[0m17:49:09.740907 [debug] [MainThread]: On debug: Close
[0m17:49:09.741101 [info ] [MainThread]:   Connection test: [[32mOK connection ok[0m]

[0m17:49:09.741271 [info ] [MainThread]: [31m1 check failed:[0m
[0m17:49:09.741411 [info ] [MainThread]: Project loading failed for the following reason:
 project path </Users/juanherrera/transit-analytics/dbt_project/dbt_project.yml> not found

[0m17:49:09.752052 [debug] [MainThread]: Resource report: {"command_name": "debug", "command_success": false, "command_wall_clock_time": 0.2805136, "process_in_blocks": "0", "process_kernel_time": 0.189417, "process_mem_max_rss": "123420672", "process_out_blocks": "0", "process_user_time": 0.592535}
[0m17:49:09.752339 [debug] [MainThread]: Command `dbt debug` failed at 17:49:09.752287 after 0.28 seconds
[0m17:49:09.752546 [debug] [MainThread]: Connection 'debug' was properly closed.
[0m17:49:09.752727 [debug] [MainThread]: Sending event: {'category': 'dbt', 'action': 'invocation', 'label': 'end', 'context': [<snowplow_tracker.self_describing_json.SelfDescribingJson object at 0x1084365d0>, <snowplow_tracker.self_describing_json.SelfDescribingJson object at 0x108436c50>, <snowplow_tracker.self_describing_json.SelfDescribingJson object at 0x1084e9110>]}
[0m17:49:09.752934 [debug] [MainThread]: Flushing usage events
[0m17:49:10.149179 [debug] [MainThread]: An error was encountered while trying to flush usage events
