[0m18:24:17.270369 [debug] [MainThread]: Sending event: {'category': 'dbt', 'action': 'invocation', 'label': 'start', 'context': [<snowplow_tracker.self_describing_json.SelfDescribingJson object at 0x1119caa90>, <snowplow_tracker.self_describing_json.SelfDescribingJson object at 0x1119d9f10>, <snowplow_tracker.self_describing_json.SelfDescribingJson object at 0x1119daa90>]}


============================== 18:24:17.272858 | 7b92ddbf-ba09-4c37-a01a-4b343bfe38ee ==============================
[0m18:24:17.272858 [info ] [MainThread]: Running with dbt=1.9.2
[0m18:24:17.273171 [debug] [MainThread]: running dbt with arguments {'printer_width': '80', 'indirect_selection': 'eager', 'log_cache_events': 'False', 'write_json': 'True', 'partial_parse': 'True', 'cache_selected_only': 'False', 'profiles_dir': '/Users/juanherrera/.dbt', 'version_check': 'True', 'debug': 'False', 'log_path': 'logs', 'fail_fast': 'False', 'warn_error': 'None', 'use_colors': 'True', 'use_experimental_parser': 'False', 'empty': 'None', 'quiet': 'False', 'no_print': 'None', 'warn_error_options': 'WarnErrorOptions(include=[], exclude=[])', 'introspect': 'True', 'static_parser': 'True', 'invocation_command': 'dbt debug', 'target_path': 'None', 'log_format': 'default', 'send_anonymous_usage_stats': 'True'}
[0m18:24:17.282383 [info ] [MainThread]: dbt version: 1.9.2
[0m18:24:17.282595 [info ] [MainThread]: python version: 3.11.5
[0m18:24:17.282751 [info ] [MainThread]: python path: /Users/juanherrera/Desktop/transit-analytics-1/.venv/bin/python
[0m18:24:17.283029 [info ] [MainThread]: os info: macOS-14.6.1-arm64-arm-64bit
[0m18:24:17.871767 [info ] [MainThread]: Using profiles dir at /Users/juanherrera/.dbt
[0m18:24:17.872118 [info ] [MainThread]: Using profiles.yml file at /Users/juanherrera/.dbt/profiles.yml
[0m18:24:17.872316 [info ] [MainThread]: Using dbt_project.yml file at /Users/juanherrera/Desktop/transit-analytics-1/dbt_project.yml
[0m18:24:17.874478 [info ] [MainThread]: adapter type: duckdb
[0m18:24:17.874694 [info ] [MainThread]: adapter version: 1.9.2
[0m18:24:17.874859 [info ] [MainThread]: Configuration:
[0m18:24:17.875000 [info ] [MainThread]:   profiles.yml file [[32mOK found and valid[0m]
[0m18:24:17.875139 [info ] [MainThread]:   dbt_project.yml file [[31mERROR not found[0m]
[0m18:24:17.875284 [info ] [MainThread]: Required dependencies:
[0m18:24:17.875460 [debug] [MainThread]: Executing "git --help"
[0m18:24:17.889440 [debug] [MainThread]: STDOUT: "b"usage: git [-v | --version] [-h | --help] [-C <path>] [-c <name>=<value>]\n           [--exec-path[=<path>]] [--html-path] [--man-path] [--info-path]\n           [-p | --paginate | -P | --no-pager] [--no-replace-objects] [--bare]\n           [--git-dir=<path>] [--work-tree=<path>] [--namespace=<name>]\n           [--super-prefix=<path>] [--config-env=<name>=<envvar>]\n           <command> [<args>]\n\nThese are common Git commands used in various situations:\n\nstart a working area (see also: git help tutorial)\n   clone     Clone a repository into a new directory\n   init      Create an empty Git repository or reinitialize an existing one\n\nwork on the current change (see also: git help everyday)\n   add       Add file contents to the index\n   mv        Move or rename a file, a directory, or a symlink\n   restore   Restore working tree files\n   rm        Remove files from the working tree and from the index\n\nexamine the history and state (see also: git help revisions)\n   bisect    Use binary search to find the commit that introduced a bug\n   diff      Show changes between commits, commit and working tree, etc\n   grep      Print lines matching a pattern\n   log       Show commit logs\n   show      Show various types of objects\n   status    Show the working tree status\n\ngrow, mark and tweak your common history\n   branch    List, create, or delete branches\n   commit    Record changes to the repository\n   merge     Join two or more development histories together\n   rebase    Reapply commits on top of another base tip\n   reset     Reset current HEAD to the specified state\n   switch    Switch branches\n   tag       Create, list, delete or verify a tag object signed with GPG\n\ncollaborate (see also: git help workflows)\n   fetch     Download objects and refs from another repository\n   pull      Fetch from and integrate with another repository or a local branch\n   push      Update remote refs along with associated objects\n\n'git help -a' and 'git help -g' list available subcommands and some\nconcept guides. See 'git help <command>' or 'git help <concept>'\nto read about a specific subcommand or concept.\nSee 'git help git' for an overview of the system.\n""
[0m18:24:17.890068 [debug] [MainThread]: STDERR: "b''"
[0m18:24:17.890254 [info ] [MainThread]:  - git [[32mOK found[0m]

[0m18:24:17.890443 [info ] [MainThread]: Connection:
[0m18:24:17.890611 [info ] [MainThread]:   database: transit_data
[0m18:24:17.890737 [info ] [MainThread]:   schema: main
[0m18:24:17.890856 [info ] [MainThread]:   path: ../data/transit_data.duckdb
[0m18:24:17.890974 [info ] [MainThread]:   config_options: None
[0m18:24:17.891086 [info ] [MainThread]:   extensions: None
[0m18:24:17.891202 [info ] [MainThread]:   settings: {}
[0m18:24:17.891312 [info ] [MainThread]:   external_root: .
[0m18:24:17.891432 [info ] [MainThread]:   use_credential_provider: None
[0m18:24:17.891546 [info ] [MainThread]:   attach: None
[0m18:24:17.891658 [info ] [MainThread]:   filesystems: None
[0m18:24:17.891770 [info ] [MainThread]:   remote: None
[0m18:24:17.891883 [info ] [MainThread]:   plugins: None
[0m18:24:17.891998 [info ] [MainThread]:   disable_transactions: False
[0m18:24:17.892279 [info ] [MainThread]: Registered adapter: duckdb=1.9.2
[0m18:24:17.936454 [debug] [MainThread]: Acquiring new duckdb connection 'debug'
[0m18:24:17.974581 [debug] [MainThread]: Using duckdb connection "debug"
[0m18:24:17.974765 [debug] [MainThread]: On debug: select 1 as id
[0m18:24:17.974900 [debug] [MainThread]: Opening a new connection, currently in state init
[0m18:24:17.981806 [debug] [MainThread]: DuckDB adapter: Error running SQL: select 1 as id
[0m18:24:17.981957 [debug] [MainThread]: DuckDB adapter: Rolling back transaction.
[0m18:24:17.982145 [info ] [MainThread]:   Connection test: [[31mERROR[0m]

[0m18:24:17.982328 [info ] [MainThread]: [31m2 checks failed:[0m
[0m18:24:17.982449 [info ] [MainThread]: Project loading failed for the following reason:
 project path </Users/juanherrera/Desktop/transit-analytics-1/dbt_project.yml> not found

[0m18:24:17.982571 [info ] [MainThread]: dbt was unable to connect to the specified database.
The database returned the following error:

  >Runtime Error
  IO Error: Cannot open file "/Users/juanherrera/Desktop/transit-analytics-1/../data/transit_data.duckdb": No such file or directory

Check your database credentials and try again. For more information, visit:
https://docs.getdbt.com/docs/configure-your-profile


[0m18:24:17.983891 [debug] [MainThread]: Resource report: {"command_name": "debug", "command_success": false, "command_wall_clock_time": 0.7444493, "process_in_blocks": "0", "process_kernel_time": 0.188108, "process_mem_max_rss": "116424704", "process_out_blocks": "0", "process_user_time": 0.592165}
[0m18:24:17.984089 [debug] [MainThread]: Command `dbt debug` failed at 18:24:17.984042 after 0.74 seconds
[0m18:24:17.984251 [debug] [MainThread]: Connection 'debug' was properly closed.
[0m18:24:17.984395 [debug] [MainThread]: Sending event: {'category': 'dbt', 'action': 'invocation', 'label': 'end', 'context': [<snowplow_tracker.self_describing_json.SelfDescribingJson object at 0x1119d9c90>, <snowplow_tracker.self_describing_json.SelfDescribingJson object at 0x111a9ccd0>, <snowplow_tracker.self_describing_json.SelfDescribingJson object at 0x111d73ed0>]}
[0m18:24:17.984582 [debug] [MainThread]: Flushing usage events
[0m18:24:18.501829 [debug] [MainThread]: An error was encountered while trying to flush usage events
[0m18:25:09.945069 [debug] [MainThread]: Sending event: {'category': 'dbt', 'action': 'invocation', 'label': 'start', 'context': [<snowplow_tracker.self_describing_json.SelfDescribingJson object at 0x1068d0d50>, <snowplow_tracker.self_describing_json.SelfDescribingJson object at 0x1068f5d10>, <snowplow_tracker.self_describing_json.SelfDescribingJson object at 0x1068f6890>]}


============================== 18:25:09.947603 | 753aa638-a75e-48f2-ac26-c7ce414b3c65 ==============================
[0m18:25:09.947603 [info ] [MainThread]: Running with dbt=1.9.2
[0m18:25:09.947889 [debug] [MainThread]: running dbt with arguments {'printer_width': '80', 'indirect_selection': 'eager', 'write_json': 'True', 'log_cache_events': 'False', 'partial_parse': 'True', 'cache_selected_only': 'False', 'warn_error': 'None', 'debug': 'False', 'profiles_dir': '/Users/juanherrera/.dbt', 'log_path': 'logs', 'fail_fast': 'False', 'version_check': 'True', 'use_colors': 'True', 'use_experimental_parser': 'False', 'empty': 'None', 'quiet': 'False', 'no_print': 'None', 'log_format': 'default', 'static_parser': 'True', 'warn_error_options': 'WarnErrorOptions(include=[], exclude=[])', 'introspect': 'True', 'target_path': 'None', 'invocation_command': 'dbt debug', 'send_anonymous_usage_stats': 'True'}
[0m18:25:09.956256 [info ] [MainThread]: dbt version: 1.9.2
[0m18:25:09.956460 [info ] [MainThread]: python version: 3.11.5
[0m18:25:09.956617 [info ] [MainThread]: python path: /Users/juanherrera/Desktop/transit-analytics-1/.venv/bin/python
[0m18:25:09.956745 [info ] [MainThread]: os info: macOS-14.6.1-arm64-arm-64bit
[0m18:25:10.018531 [info ] [MainThread]: Using profiles dir at /Users/juanherrera/.dbt
[0m18:25:10.018820 [info ] [MainThread]: Using profiles.yml file at /Users/juanherrera/.dbt/profiles.yml
[0m18:25:10.018986 [info ] [MainThread]: Using dbt_project.yml file at /Users/juanherrera/Desktop/transit-analytics-1/dbt_project.yml
[0m18:25:10.020588 [info ] [MainThread]: adapter type: duckdb
[0m18:25:10.020741 [info ] [MainThread]: adapter version: 1.9.2
[0m18:25:10.020878 [info ] [MainThread]: Configuration:
[0m18:25:10.021006 [info ] [MainThread]:   profiles.yml file [[32mOK found and valid[0m]
[0m18:25:10.021121 [info ] [MainThread]:   dbt_project.yml file [[31mERROR not found[0m]
[0m18:25:10.021229 [info ] [MainThread]: Required dependencies:
[0m18:25:10.021382 [debug] [MainThread]: Executing "git --help"
[0m18:25:10.033624 [debug] [MainThread]: STDOUT: "b"usage: git [-v | --version] [-h | --help] [-C <path>] [-c <name>=<value>]\n           [--exec-path[=<path>]] [--html-path] [--man-path] [--info-path]\n           [-p | --paginate | -P | --no-pager] [--no-replace-objects] [--bare]\n           [--git-dir=<path>] [--work-tree=<path>] [--namespace=<name>]\n           [--super-prefix=<path>] [--config-env=<name>=<envvar>]\n           <command> [<args>]\n\nThese are common Git commands used in various situations:\n\nstart a working area (see also: git help tutorial)\n   clone     Clone a repository into a new directory\n   init      Create an empty Git repository or reinitialize an existing one\n\nwork on the current change (see also: git help everyday)\n   add       Add file contents to the index\n   mv        Move or rename a file, a directory, or a symlink\n   restore   Restore working tree files\n   rm        Remove files from the working tree and from the index\n\nexamine the history and state (see also: git help revisions)\n   bisect    Use binary search to find the commit that introduced a bug\n   diff      Show changes between commits, commit and working tree, etc\n   grep      Print lines matching a pattern\n   log       Show commit logs\n   show      Show various types of objects\n   status    Show the working tree status\n\ngrow, mark and tweak your common history\n   branch    List, create, or delete branches\n   commit    Record changes to the repository\n   merge     Join two or more development histories together\n   rebase    Reapply commits on top of another base tip\n   reset     Reset current HEAD to the specified state\n   switch    Switch branches\n   tag       Create, list, delete or verify a tag object signed with GPG\n\ncollaborate (see also: git help workflows)\n   fetch     Download objects and refs from another repository\n   pull      Fetch from and integrate with another repository or a local branch\n   push      Update remote refs along with associated objects\n\n'git help -a' and 'git help -g' list available subcommands and some\nconcept guides. See 'git help <command>' or 'git help <concept>'\nto read about a specific subcommand or concept.\nSee 'git help git' for an overview of the system.\n""
[0m18:25:10.034146 [debug] [MainThread]: STDERR: "b''"
[0m18:25:10.034321 [info ] [MainThread]:  - git [[32mOK found[0m]

[0m18:25:10.034486 [info ] [MainThread]: Connection:
[0m18:25:10.034641 [info ] [MainThread]:   database: transit_data
[0m18:25:10.034756 [info ] [MainThread]:   schema: main
[0m18:25:10.034866 [info ] [MainThread]:   path: /Users/juanherrera/Desktop/transit-analytics-1/data/transit_data.duckdb
[0m18:25:10.034976 [info ] [MainThread]:   config_options: None
[0m18:25:10.035080 [info ] [MainThread]:   extensions: None
[0m18:25:10.035188 [info ] [MainThread]:   settings: {}
[0m18:25:10.035291 [info ] [MainThread]:   external_root: .
[0m18:25:10.035401 [info ] [MainThread]:   use_credential_provider: None
[0m18:25:10.035505 [info ] [MainThread]:   attach: None
[0m18:25:10.035605 [info ] [MainThread]:   filesystems: None
[0m18:25:10.035709 [info ] [MainThread]:   remote: None
[0m18:25:10.035809 [info ] [MainThread]:   plugins: None
[0m18:25:10.035910 [info ] [MainThread]:   disable_transactions: False
[0m18:25:10.036189 [info ] [MainThread]: Registered adapter: duckdb=1.9.2
[0m18:25:10.078058 [debug] [MainThread]: Acquiring new duckdb connection 'debug'
[0m18:25:10.102063 [debug] [MainThread]: Using duckdb connection "debug"
[0m18:25:10.102269 [debug] [MainThread]: On debug: select 1 as id
[0m18:25:10.102400 [debug] [MainThread]: Opening a new connection, currently in state init
[0m18:25:10.161930 [debug] [MainThread]: SQL status: OK in 0.059 seconds
[0m18:25:10.162508 [debug] [MainThread]: On debug: Close
[0m18:25:10.162673 [info ] [MainThread]:   Connection test: [[32mOK connection ok[0m]

[0m18:25:10.162831 [info ] [MainThread]: [31m1 check failed:[0m
[0m18:25:10.162950 [info ] [MainThread]: Project loading failed for the following reason:
 project path </Users/juanherrera/Desktop/transit-analytics-1/dbt_project.yml> not found

[0m18:25:10.164334 [debug] [MainThread]: Resource report: {"command_name": "debug", "command_success": false, "command_wall_clock_time": 0.24851803, "process_in_blocks": "0", "process_kernel_time": 0.174458, "process_mem_max_rss": "122404864", "process_out_blocks": "0", "process_user_time": 0.584839}
[0m18:25:10.164541 [debug] [MainThread]: Command `dbt debug` failed at 18:25:10.164493 after 0.25 seconds
[0m18:25:10.164714 [debug] [MainThread]: Connection 'debug' was properly closed.
[0m18:25:10.164866 [debug] [MainThread]: Sending event: {'category': 'dbt', 'action': 'invocation', 'label': 'end', 'context': [<snowplow_tracker.self_describing_json.SelfDescribingJson object at 0x100b44c50>, <snowplow_tracker.self_describing_json.SelfDescribingJson object at 0x1069add90>, <snowplow_tracker.self_describing_json.SelfDescribingJson object at 0x1069b3b90>]}
[0m18:25:10.165077 [debug] [MainThread]: Flushing usage events
[0m18:25:10.493756 [debug] [MainThread]: An error was encountered while trying to flush usage events
